<?xml version="1.0" encoding="utf-8"?><testsuites><testsuite name="pytest" errors="0" failures="0" skipped="0" tests="6" time="8.698" timestamp="2025-05-29T01:21:46.630148+05:30" hostname="DESKTOP-P3MSMOS"><testcase classname="tests.test_analytics.TestMetricsAnalyzer" name="test_analyzer_initialization" time="0.015" /><testcase classname="tests.test_analytics.TestMetricsAnalyzer" name="test_analyze_session_metrics" time="0.026" /><testcase classname="tests.test_database.TestDatabaseManager" name="test_database_initialization" time="0.017" /><testcase classname="tests.test_database.TestDatabaseManager" name="test_create_search_session" time="0.011" /><testcase classname="tests.test_scraper.TestRedditScraper" name="test_scraper_initialization" time="0.033" /><testcase classname="tests.test_scraper.TestRedditScraper" name="test_sanitize_search_term" time="0.028" /></testsuite></testsuites>