<?xml version="1.0" encoding="utf-8"?><testsuites><testsuite name="pytest" errors="0" failures="0" skipped="0" tests="0" time="0.018" timestamp="2025-05-29T01:42:26.125738+05:30" hostname="DESKTOP-P3MSMOS" /></testsuites>