<?xml version="1.0" encoding="utf-8"?><testsuites><testsuite name="pytest" errors="1" failures="0" skipped="0" tests="1" time="16.115" timestamp="2025-05-29T01:03:44.700151+05:30" hostname="DESKTOP-P3MSMOS"><testcase classname="" name="tests.test_ui" time="0.000"><error message="collection failure">ImportError while importing test module 'C:\Users\Devansh\Downloads\intern_application_round1\tests\test_ui.py'.
Hint: make sure your test modules/packages have valid Python names.
Traceback:
C:\Program Files\Python312\Lib\importlib\__init__.py:90: in import_module
    return _bootstrap._gcd_import(name[level:], package, level)
tests\test_ui.py:13: in &lt;module&gt;
    from ui.realtime_monitor import RealtimeMonitor
E   ImportError: cannot import name 'RealtimeMonitor' from 'ui.realtime_monitor' (C:\Users\Devansh\Downloads\intern_application_round1\ui\realtime_monitor.py). Did you mean: 'realtime_monitor'?</error></testcase></testsuite></testsuites>