<?xml version="1.0" encoding="utf-8"?><testsuites><testsuite name="pytest" errors="0" failures="0" skipped="0" tests="7" time="8.780" timestamp="2025-05-29T02:07:07.774484+05:30" hostname="DESKTOP-P3MSMOS"><testcase classname="tests.test_analytics.TestMetricsAnalyzer" name="test_analyzer_initialization" time="0.014" /><testcase classname="tests.test_analytics.TestMetricsAnalyzer" name="test_calculate_basic_metrics" time="0.026" /><testcase classname="tests.test_analytics.TestMetricsAnalyzer" name="test_analyze_session_metrics" time="0.019" /><testcase classname="tests.test_database" name="test_database_initialization" time="0.006" /><testcase classname="tests.test_database" name="test_create_search_session" time="0.017" /><testcase classname="tests.test_scraper.TestRedditScraper" name="test_scraper_initialization" time="0.037" /><testcase classname="tests.test_scraper.TestRedditScraper" name="test_sanitize_search_term" time="0.029" /></testsuite></testsuites>