<?xml version="1.0" encoding="utf-8"?><testsuites><testsuite name="pytest" errors="0" failures="0" skipped="0" tests="0" time="11.863" timestamp="2025-05-29T01:42:11.673959+05:30" hostname="DESKTOP-P3MSMOS" /></testsuites>